[handleMsg]:  {
  key: {
    remoteJid: '50257341396@s.whatsapp.net',
    fromMe: false,
    id: '3FDBD0CD2161CC783EBE',
    participant: undefined
  },
  messageTimestamp: 1728361614,
  pushName: 'E.L.',
  broadcast: false,
  message: Message {
    extendedTextMessage: ExtendedTextMessage { text: 'va', contextInfo: [ContextInfo] },
    messageContextInfo: MessageContextInfo {
      deviceListMetadata: [DeviceListMetadata],
      deviceListMetadataVersion: 2
    }
  },
  body: 'va',
  from: '50257341396'
}
[handleMsg]:  {
  key: {
    remoteJid: '50257341396@s.whatsapp.net',
    fromMe: false,
    id: '3FF3226CA31A611847A0',
    participant: undefined
  },
  messageTimestamp: 1728361620,
  pushName: 'E.L.',
  broadcast: false,
  message: Message {
    extendedTextMessage: ExtendedTextMessage {
      text: 'ingreso recursos humanos',
      contextInfo: [ContextInfo]
    },
    messageContextInfo: MessageContextInfo {
      deviceListMetadata: [DeviceListMetadata],
      deviceListMetadataVersion: 2
    }
  },
  body: 'ingreso recursos humanos',
  from: '50257341396'
}
[QUEUE_SE_ENVIO]:  {
  ref: 'ans_0e09aeb7-70bb-47fb-8ab0-7481169e6e8e',
  keyword: 'key_3fb432e7-376c-4724-865f-317a408e6b6e',
  answer: ' Hola, bienvenido al sistema de Recursos Humanos',
  options: {
    media: null,
    buttons: [],
    capture: false,
    child: null,
    delay: 0,
    idle: null,
    ref: null,
    nested: [],
    keyword: {},
    callback: false
  },
  refSerialize: '9848de63ed76ee1e312c25f824000069'
}
[QUEUE_SE_ENVIO]:  {
  ref: 'ans_8f268323-28ce-4d6b-b3d8-96fc038e0837',
  keyword: 'ans_0e09aeb7-70bb-47fb-8ab0-7481169e6e8e',
  answer: '\n' +
    'Selecciona una opci贸n:\n' +
    ' *info personal* para ver tu informaci贸n personal\n' +
    ' *nomina* para ver tu n贸mina\n' +
    ' *vacaciones* para verificar tus vacaciones\n' +
    ' *salir* para terminar la conversaci贸n\n',
  options: {
    media: null,
    buttons: [],
    capture: false,
    child: null,
    delay: 0,
    idle: null,
    ref: null,
    nested: [],
    keyword: {},
    callback: false
  },
  refSerialize: '920610bd20ed2f15321c6b78bfbeb7d7'
}
[handleMsg]:  {
  key: {
    remoteJid: '50257341396@s.whatsapp.net',
    fromMe: false,
    id: '3FCF767D41EEECFA4A8E',
    participant: undefined
  },
  messageTimestamp: 1728361626,
  pushName: 'E.L.',
  broadcast: false,
  message: Message {
    extendedTextMessage: ExtendedTextMessage {
      text: 'info personal',
      contextInfo: [ContextInfo]
    },
    messageContextInfo: MessageContextInfo {
      deviceListMetadata: [DeviceListMetadata],
      deviceListMetadataVersion: 2
    }
  },
  body: 'info personal',
  from: '50257341396'
}
[QUEUE_SE_ENVIO]:  {
  ref: 'ans_6d6f1643-a765-44b0-9fec-68bd9adbb2ba',
  keyword: 'key_0096e5a2-3672-4a20-991e-f07c9ac175cd',
  answer: ' Aqu铆 puedes consultar tu informaci贸n personal.',
  options: {
    media: null,
    buttons: [],
    capture: false,
    child: null,
    delay: 0,
    idle: null,
    ref: null,
    nested: [],
    keyword: {},
    callback: false
  },
  refSerialize: '11d0baa3476b08432e5c3935917ac774'
}
[QUEUE_SE_ENVIO]:  {
  ref: 'ans_74ae0c95-e5e8-42e2-9f4e-1e05945fd315',
  keyword: 'ans_6d6f1643-a765-44b0-9fec-68bd9adbb2ba',
  answer: ' Por favor, proporciona tu correo electr贸nico para continuar.',
  options: {
    media: null,
    buttons: [],
    capture: true,
    child: null,
    delay: 0,
    idle: null,
    ref: null,
    nested: [],
    keyword: {},
    callback: true
  },
  refSerialize: '301dbc08fb00158e3578730466598042'
}
[handleMsg]:  {
  key: {
    remoteJid: '50257341396@s.whatsapp.net',
    fromMe: false,
    id: '3F123F9288A006C8FA19',
    participant: undefined
  },
  messageTimestamp: 1728361634,
  pushName: 'E.L.',
  broadcast: false,
  message: Message {
    extendedTextMessage: ExtendedTextMessage {
      text: 'fernando77@gmail.com',
      contextInfo: [ContextInfo]
    },
    messageContextInfo: MessageContextInfo {
      deviceListMetadata: [DeviceListMetadata],
      deviceListMetadataVersion: 2
    }
  },
  body: 'fernando77@gmail.com',
  from: '50257341396'
}
[QUEUE_SE_ENVIO]:  {
  ref: 'ans_36ef9441-42c9-4180-868c-0d7785205e67',
  keyword: 'ans_74ae0c95-e5e8-42e2-9f4e-1e05945fd315',
  answer: ' Ingresa tu contrase帽a:',
  options: {
    media: null,
    buttons: [],
    capture: true,
    child: null,
    delay: 0,
    idle: null,
    ref: null,
    nested: [],
    keyword: {},
    callback: true
  },
  refSerialize: 'cc6315839a794868ed91748693aeb23e'
}
[handleMsg]:  {
  key: {
    remoteJid: '50257341396@s.whatsapp.net',
    fromMe: false,
    id: '3F5BFC4C674D17C78AC9',
    participant: undefined
  },
  messageTimestamp: 1728361641,
  pushName: 'E.L.',
  broadcast: false,
  message: Message {
    extendedTextMessage: ExtendedTextMessage {
      text: '31107910',
      contextInfo: [ContextInfo]
    },
    messageContextInfo: MessageContextInfo {
      deviceListMetadata: [DeviceListMetadata],
      deviceListMetadataVersion: 2
    }
  },
  body: '31107910',
  from: '50257341396'
}
[handleMsg]:  {
  key: {
    remoteJid: '50257341396@s.whatsapp.net',
    fromMe: false,
    id: '3F2D659A6F4D69EBD3D0',
    participant: undefined
  },
  messageTimestamp: 1728361654,
  pushName: 'E.L.',
  broadcast: false,
  message: Message {
    extendedTextMessage: ExtendedTextMessage { text: 'nomina', contextInfo: [ContextInfo] },
    messageContextInfo: MessageContextInfo {
      deviceListMetadata: [DeviceListMetadata],
      deviceListMetadataVersion: 2
    }
  },
  body: 'nomina',
  from: '50257341396'
}
[QUEUE_SE_ENVIO]:  {
  ref: 'ans_2880d964-917f-4469-970d-8696b4563f73',
  keyword: 'key_9724f781-4208-4cf5-a599-e229dbb45092',
  answer: ' Aqu铆 puedes consultar tu n贸mina.',
  options: {
    media: null,
    buttons: [],
    capture: false,
    child: null,
    delay: 0,
    idle: null,
    ref: null,
    nested: [],
    keyword: {},
    callback: false
  },
  refSerialize: '790eec9c6945bbb1a3112e0b7be05c63'
}
[QUEUE_SE_ENVIO]:  {
  ref: 'ans_19403b54-a4d6-4e18-bdbb-6f5195168cc4',
  keyword: 'ans_2880d964-917f-4469-970d-8696b4563f73',
  answer: ' Por favor, proporciona tu correo electr贸nico para continuar.',
  options: {
    media: null,
    buttons: [],
    capture: true,
    child: null,
    delay: 0,
    idle: null,
    ref: null,
    nested: [],
    keyword: {},
    callback: true
  },
  refSerialize: 'b13cf4c40aed82cce42d9c3c7470f944'
}
[handleMsg]:  {
  key: {
    remoteJid: '50257341396@s.whatsapp.net',
    fromMe: false,
    id: '3F31A0993E61A10207A7',
    participant: undefined
  },
  messageTimestamp: 1728361659,
  pushName: 'E.L.',
  broadcast: false,
  message: Message {
    extendedTextMessage: ExtendedTextMessage {
      text: 'fernando77@gmail.com',
      contextInfo: [ContextInfo]
    },
    messageContextInfo: MessageContextInfo {
      deviceListMetadata: [DeviceListMetadata],
      deviceListMetadataVersion: 2
    }
  },
  body: 'fernando77@gmail.com',
  from: '50257341396'
}
[QUEUE_SE_ENVIO]:  {
  ref: 'ans_5d114f53-ce2c-4961-b8d4-d3e21fc26af2',
  keyword: 'ans_19403b54-a4d6-4e18-bdbb-6f5195168cc4',
  answer: ' Ingresa tu contrase帽a:',
  options: {
    media: null,
    buttons: [],
    capture: true,
    child: null,
    delay: 0,
    idle: null,
    ref: null,
    nested: [],
    keyword: {},
    callback: true
  },
  refSerialize: '70c2054a0c414c4ec718a1d816c8dc8e'
}
[handleMsg]:  {
  key: {
    remoteJid: '50257341396@s.whatsapp.net',
    fromMe: false,
    id: '3FC6C82B41990F9C829A',
    participant: undefined
  },
  messageTimestamp: 1728361666,
  pushName: 'E.L.',
  broadcast: false,
  message: Message {
    extendedTextMessage: ExtendedTextMessage {
      text: '31107910',
      contextInfo: [ContextInfo]
    },
    messageContextInfo: MessageContextInfo {
      deviceListMetadata: [DeviceListMetadata],
      deviceListMetadataVersion: 2
    }
  },
  status: 4,
  body: '31107910',
  from: '50257341396'
}
[handleMsg]:  {
  key: {
    remoteJid: '50249590158@s.whatsapp.net',
    fromMe: false,
    id: '3EB085AFAA792596FCBFA1',
    participant: undefined
  },
  messageTimestamp: 1728361667,
  pushName: 'Ab',
  broadcast: false,
  message: Message {
    conversation: 'simon',
    messageContextInfo: MessageContextInfo {
      deviceListMetadata: [DeviceListMetadata],
      deviceListMetadataVersion: 2
    }
  },
  body: 'simon',
  from: '50249590158'
}
[handleMsg]:  {
  key: {
    remoteJid: '50257341396@s.whatsapp.net',
    fromMe: false,
    id: '3F65B0EB967A72EE4F2A',
    participant: undefined
  },
  messageTimestamp: 1728361672,
  pushName: 'E.L.',
  broadcast: false,
  message: Message {
    extendedTextMessage: ExtendedTextMessage {
      text: 'vacaciones',
      contextInfo: [ContextInfo]
    },
    messageContextInfo: MessageContextInfo {
      deviceListMetadata: [DeviceListMetadata],
      deviceListMetadataVersion: 2
    }
  },
  body: 'vacaciones',
  from: '50257341396'
}
[QUEUE_SE_ENVIO]:  {
  ref: 'ans_96ddd72b-6542-48cd-8733-37e794050a7e',
  keyword: 'key_4bfde63d-14f0-4c2f-a05f-5c74e53fd501',
  answer: ' Aqu铆 puedes verificar tus vacaciones.',
  options: {
    media: null,
    buttons: [],
    capture: false,
    child: null,
    delay: 0,
    idle: null,
    ref: null,
    nested: [],
    keyword: {},
    callback: false
  },
  refSerialize: '98e499187e12e10ab210f1c031c42288'
}
[QUEUE_SE_ENVIO]:  {
  ref: 'ans_17f7e223-7481-47b1-8a0b-48f149774724',
  keyword: 'ans_96ddd72b-6542-48cd-8733-37e794050a7e',
  answer: ' Por favor, proporciona tu correo electr贸nico para continuar.',
  options: {
    media: null,
    buttons: [],
    capture: true,
    child: null,
    delay: 0,
    idle: null,
    ref: null,
    nested: [],
    keyword: {},
    callback: true
  },
  refSerialize: 'd9765f3a7b5773290ae10fa0ef5bcc57'
}
[handleMsg]:  {
  key: {
    remoteJid: '50249590158@s.whatsapp.net',
    fromMe: false,
    id: '3EB02C2E290EC4B1937C51',
    participant: undefined
  },
  messageTimestamp: 1728361675,
  pushName: 'Ab',
  broadcast: false,
  message: Message {
    conversation: 'mandame el link de tu repo',
    messageContextInfo: MessageContextInfo {
      deviceListMetadata: [DeviceListMetadata],
      deviceListMetadataVersion: 2
    }
  },
  body: 'mandame el link de tu repo',
  from: '50249590158'
}
[handleMsg]:  {
  key: {
    remoteJid: '50257341396@s.whatsapp.net',
    fromMe: false,
    id: '3F7385905B5F1ECF9468',
    participant: undefined
  },
  messageTimestamp: 1728361677,
  pushName: 'E.L.',
  broadcast: false,
  message: Message {
    extendedTextMessage: ExtendedTextMessage {
      text: 'fernando77@gmail.com',
      contextInfo: [ContextInfo]
    },
    messageContextInfo: MessageContextInfo {
      deviceListMetadata: [DeviceListMetadata],
      deviceListMetadataVersion: 2
    }
  },
  body: 'fernando77@gmail.com',
  from: '50257341396'
}
[QUEUE_SE_ENVIO]:  {
  ref: 'ans_3b844a04-02cc-4b20-b963-8abde8f837ed',
  keyword: 'ans_17f7e223-7481-47b1-8a0b-48f149774724',
  answer: ' Ingresa tu contrase帽a:',
  options: {
    media: null,
    buttons: [],
    capture: true,
    child: null,
    delay: 0,
    idle: null,
    ref: null,
    nested: [],
    keyword: {},
    callback: true
  },
  refSerialize: '794baca45f0f97a132c6b4d1459de0e4'
}
[handleMsg]:  {
  key: {
    remoteJid: '50257341396@s.whatsapp.net',
    fromMe: false,
    id: '3F181A1023B356058D85',
    participant: undefined
  },
  messageTimestamp: 1728361683,
  pushName: 'E.L.',
  broadcast: false,
  message: Message {
    extendedTextMessage: ExtendedTextMessage {
      text: '31107910',
      contextInfo: [ContextInfo]
    },
    messageContextInfo: MessageContextInfo {
      deviceListMetadata: [DeviceListMetadata],
      deviceListMetadataVersion: 2
    }
  },
  body: '31107910',
  from: '50257341396'
}
[handleMsg]:  {
  key: {
    remoteJid: '50257341396@s.whatsapp.net',
    fromMe: false,
    id: '3FA2D3D34BBC6BDB5F00',
    participant: undefined
  },
  messageTimestamp: 1728361695,
  pushName: 'E.L.',
  broadcast: false,
  message: Message {
    extendedTextMessage: ExtendedTextMessage { text: 'salir', contextInfo: [ContextInfo] },
    messageContextInfo: MessageContextInfo {
      deviceListMetadata: [DeviceListMetadata],
      deviceListMetadataVersion: 2
    }
  },
  body: 'salir',
  from: '50257341396'
}
[QUEUE_SE_ENVIO]:  {
  ref: 'ans_408c98f7-976c-47db-90f9-522a3477a032',
  keyword: 'key_ee8df321-b019-4360-9df9-52e53cfc5a05',
  answer: 'Gracias por usar nuestro sistema de Recursos Humanos. 隆Hasta pronto! ',
  options: {
    media: null,
    buttons: [],
    capture: false,
    child: null,
    delay: 0,
    idle: null,
    ref: null,
    nested: [],
    keyword: {},
    callback: false
  },
  refSerialize: '74c1b793eb69d42da63c6652a778373c'
}
[QUEUE_SE_ENVIO]:  {
  ref: 'ans_0a421490-f906-477c-9990-cee78cc063cd',
  keyword: 'ans_408c98f7-976c-47db-90f9-522a3477a032',
  answer: '__call_action__',
  options: {
    media: null,
    buttons: [],
    capture: false,
    child: null,
    delay: 0,
    idle: null,
    ref: null,
    nested: [],
    keyword: {},
    callback: true
  },
  refSerialize: '27ae3b1277e161bf70a75928ea163fb8'
}
[handleMsg]:  {
  key: {
    remoteJid: '50257341396@s.whatsapp.net',
    fromMe: false,
    id: '3F6303BCFC0FFEE29323',
    participant: undefined
  },
  messageTimestamp: 1728361698,
  pushName: 'E.L.',
  broadcast: false,
  message: Message {
    extendedTextMessage: ExtendedTextMessage { text: 'ya XD', contextInfo: [ContextInfo] },
    messageContextInfo: MessageContextInfo {
      deviceListMetadata: [DeviceListMetadata],
      deviceListMetadataVersion: 2
    }
  },
  body: 'ya XD',
  from: '50257341396'
}
