50257341396:ENCOLADO ans_acc38d3f-c468-42da-91e2-b4cad3e6909e
EJECUTANDO:ans_acc38d3f-c468-42da-91e2-b4cad3e6909e
50257341396:SUCCESS
50257341396:ENCOLADO ans_fd26ec80-3e85-4872-be3e-daa19da5d697
EJECUTANDO:ans_fd26ec80-3e85-4872-be3e-daa19da5d697
50257341396:SUCCESS
50257341396:ENCOLADO ans_1a37cc4f-1c11-4e5e-8dec-333d7d0dc80c
EJECUTANDO:ans_1a37cc4f-1c11-4e5e-8dec-333d7d0dc80c
50257341396:SUCCESS
50257341396:ENCOLADO ans_210b9e90-77c6-4ad2-8db4-e7b197b0f0e0
EJECUTANDO:ans_210b9e90-77c6-4ad2-8db4-e7b197b0f0e0
50257341396:SUCCESS
50257341396:ENCOLADO ans_c8ac5ffb-099e-4e46-b720-701102bc4283
EJECUTANDO:ans_c8ac5ffb-099e-4e46-b720-701102bc4283
50257341396:SUCCESS
50257341396:ENCOLADO ans_71b7ee21-aac9-45fc-bdcb-06b5caa4bb7d
EJECUTANDO:ans_71b7ee21-aac9-45fc-bdcb-06b5caa4bb7d
50257341396:SUCCESS
50257341396:ENCOLADO ans_b1280d15-8de1-43b3-9ec2-e4a1741f6150
EJECUTANDO:ans_b1280d15-8de1-43b3-9ec2-e4a1741f6150
50257341396:SUCCESS
50257341396:ENCOLADO ans_3ca43522-fa44-4fca-97e6-5e62850e7c6f
EJECUTANDO:ans_3ca43522-fa44-4fca-97e6-5e62850e7c6f
50257341396:SUCCESS
50257341396:ENCOLADO ans_dd28e026-b431-4e15-9ecc-2c03f45d2d21
EJECUTANDO:ans_dd28e026-b431-4e15-9ecc-2c03f45d2d21
50257341396:SUCCESS
50257341396:ENCOLADO ans_53bd9686-21a6-442b-9750-475ef62ed638
EJECUTANDO:ans_53bd9686-21a6-442b-9750-475ef62ed638
50257341396:SUCCESS
50257341396:ENCOLADO ans_f53cac4a-2d12-4f4d-8722-3aa7dafa9a16
EJECUTANDO:ans_f53cac4a-2d12-4f4d-8722-3aa7dafa9a16
50257341396:SUCCESS
50257341396:ENCOLADO ans_1a37cc4f-1c11-4e5e-8dec-333d7d0dc80c
EJECUTANDO:ans_1a37cc4f-1c11-4e5e-8dec-333d7d0dc80c
50257341396:SUCCESS
50257341396:ENCOLADO ans_210b9e90-77c6-4ad2-8db4-e7b197b0f0e0
EJECUTANDO:ans_210b9e90-77c6-4ad2-8db4-e7b197b0f0e0
50257341396:SUCCESS
50257341396:ENCOLADO ans_c8ac5ffb-099e-4e46-b720-701102bc4283
EJECUTANDO:ans_c8ac5ffb-099e-4e46-b720-701102bc4283
50257341396:SUCCESS
50257341396:ENCOLADO ans_cb2d726f-fe99-420b-b1e3-0c5a4f7e2ef4
EJECUTANDO:ans_cb2d726f-fe99-420b-b1e3-0c5a4f7e2ef4
50257341396:SUCCESS
50257341396:ENCOLADO ans_42ca3319-71b0-4479-8686-50decd653614
EJECUTANDO:ans_42ca3319-71b0-4479-8686-50decd653614
50257341396:SUCCESS
